<!DOCTYPE html PUBLIC "-//W3C//DTD XHTML 1.1//EN" "https://www.w3.org/TR/xhtml11/DTD/xhtml11.dtd">
<html xmlns="https://www.w3.org/1999/xhtml">
<head>
<meta http-equiv="content-type" content="text/html; charset=UTF-8"/>
<title>TestNG Report</title>
<style type="text/css">table {margin-bottom:10px;border-collapse:collapse;empty-cells:show}th,td {border:1px solid #009;padding:.25em .5em}th {vertical-align:bottom}td {vertical-align:top}table a {font-weight:bold}.stripe td {background-color: #E6EBF9}.num {text-align:right}.passedodd td {background-color: #3F3}.passedeven td {background-color: #0A0}.skippedodd td {background-color: #DDD}.skippedeven td {background-color: #CCC}.failedodd td,.attn {background-color: #F33}.failedeven td,.stripe .attn {background-color: #D00}.stacktrace {white-space:pre;font-family:monospace}.totop {font-size:85%;text-align:center;border-bottom:2px solid #000}.invisible {display:none}</style>
</head>
<body>
<table>
<tr><th>Test</th><th># Passed</th><th># Skipped</th><th># Retried</th><th># Failed</th><th>Time (ms)</th><th>Included Groups</th><th>Excluded Groups</th></tr>
<tr><th colspan="8">Surefire suite</th></tr>
<tr><td><a href="#t0">Surefire test</a></td><td class="num">0</td><td class="num attn">9</td><td class="num">0</td><td class="num">0</td><td class="num">69</td><td></td><td></td></tr>
</table>
<table id='summary'><thead><tr><th>Class</th><th>Method</th><th>Start</th><th>Time (ms)</th></tr></thead><tbody><tr><th colspan="4">Surefire suite</th></tr></tbody><tbody id="t0"><tr><th colspan="4">Surefire test &#8212; failed (configuration methods)</th></tr><tr class="failedeven"><td rowspan="1">farid.com.loginFeature.TestLogin</td><td><a href="#m0">setUp</a></td><td rowspan="1">1647543300759</td><td rowspan="1">1</td></tr><tr class="failedodd"><td rowspan="1">farid.com.menu.TestCheckWatchList</td><td><a href="#m1">setUp</a></td><td rowspan="1">1647543300755</td><td rowspan="1">1</td></tr><tr class="failedeven"><td rowspan="1">farid.com.menu.TestSelectMenuOption</td><td><a href="#m2">setUp</a></td><td rowspan="1">1647543300752</td><td rowspan="1">2</td></tr><tr class="failedodd"><td rowspan="1">farid.com.purchase.TestPurchase</td><td><a href="#m3">setUp</a></td><td rowspan="1">1647543300757</td><td rowspan="1">1</td></tr><tr class="failedeven"><td rowspan="1">farid.com.search.TestSearchMultipleItems</td><td><a href="#m4">setUp</a></td><td rowspan="1">1647543300750</td><td rowspan="1">1</td></tr><tr class="failedodd"><td rowspan="1">farid.com.search.TestSearchSingleItem</td><td><a href="#m5">setUp</a></td><td rowspan="1">1647543300712</td><td rowspan="1">30</td></tr><tr><th colspan="4">Surefire test &#8212; skipped (configuration methods)</th></tr><tr class="skippedeven"><td rowspan="3">farid.com.loginFeature.TestLogin</td><td><a href="#m6">afterEachTestMethod</a></td><td rowspan="1">1647543300761</td><td rowspan="1">0</td></tr><tr class="skippedeven"><td><a href="#m7">afterMethod</a></td><td rowspan="1">1647543300761</td><td rowspan="1">0</td></tr><tr class="skippedeven"><td><a href="#m8">startExtent</a></td><td rowspan="1">1647543300760</td><td rowspan="1">0</td></tr><tr class="skippedodd"><td rowspan="3">farid.com.menu.TestCheckWatchList</td><td><a href="#m9">afterEachTestMethod</a></td><td rowspan="1">1647543300757</td><td rowspan="1">0</td></tr><tr class="skippedodd"><td><a href="#m10">afterMethod</a></td><td rowspan="1">1647543300757</td><td rowspan="1">0</td></tr><tr class="skippedodd"><td><a href="#m11">startExtent</a></td><td rowspan="1">1647543300756</td><td rowspan="1">0</td></tr><tr class="skippedeven"><td rowspan="7">farid.com.menu.TestSelectMenuOption</td><td><a href="#m12">afterEachTestMethod</a></td><td rowspan="2">1647543300755</td><td rowspan="2">0</td></tr><tr class="skippedeven"><td><a href="#m13">afterEachTestMethod</a></td></tr><tr class="skippedeven"><td><a href="#m14">afterMethod</a></td><td rowspan="2">1647543300754</td><td rowspan="2">0</td></tr><tr class="skippedeven"><td><a href="#m15">afterMethod</a></td></tr><tr class="skippedeven"><td><a href="#m16">setUp</a></td><td rowspan="1">1647543300755</td><td rowspan="1">0</td></tr><tr class="skippedeven"><td><a href="#m17">startExtent</a></td><td rowspan="2">1647543300754</td><td rowspan="2">0</td></tr><tr class="skippedeven"><td><a href="#m18">startExtent</a></td></tr><tr class="skippedodd"><td rowspan="3">farid.com.purchase.TestPurchase</td><td><a href="#m19">afterEachTestMethod</a></td><td rowspan="1">1647543300759</td><td rowspan="1">0</td></tr><tr class="skippedodd"><td><a href="#m20">afterMethod</a></td><td rowspan="1">1647543300759</td><td rowspan="1">0</td></tr><tr class="skippedodd"><td><a href="#m21">startExtent</a></td><td rowspan="1">1647543300758</td><td rowspan="1">0</td></tr><tr class="skippedeven"><td rowspan="3">farid.com.search.TestSearchMultipleItems</td><td><a href="#m22">afterEachTestMethod</a></td><td rowspan="1">1647543300752</td><td rowspan="1">0</td></tr><tr class="skippedeven"><td><a href="#m23">afterMethod</a></td><td rowspan="1">1647543300752</td><td rowspan="1">0</td></tr><tr class="skippedeven"><td><a href="#m24">startExtent</a></td><td rowspan="1">1647543300752</td><td rowspan="1">0</td></tr><tr class="skippedodd"><td rowspan="11">farid.com.search.TestSearchSingleItem</td><td><a href="#m25">afterEachTestMethod</a></td><td rowspan="3">1647543300747</td><td rowspan="3">0</td></tr><tr class="skippedodd"><td><a href="#m26">afterEachTestMethod</a></td></tr><tr class="skippedodd"><td><a href="#m27">afterEachTestMethod</a></td></tr><tr class="skippedodd"><td><a href="#m28">afterMethod</a></td><td rowspan="3">1647543300748</td><td rowspan="3">0</td></tr><tr class="skippedodd"><td><a href="#m29">afterMethod</a></td></tr><tr class="skippedodd"><td><a href="#m30">afterMethod</a></td></tr><tr class="skippedodd"><td><a href="#m31">setUp</a></td><td rowspan="2">1647543300748</td><td rowspan="2">0</td></tr><tr class="skippedodd"><td><a href="#m32">setUp</a></td></tr><tr class="skippedodd"><td><a href="#m33">startExtent</a></td><td rowspan="3">1647543300746</td><td rowspan="3">0</td></tr><tr class="skippedodd"><td><a href="#m34">startExtent</a></td></tr><tr class="skippedodd"><td><a href="#m35">startExtent</a></td></tr><tr><th colspan="4">Surefire test &#8212; skipped</th></tr><tr class="skippedeven"><td rowspan="1">farid.com.loginFeature.TestLogin</td><td><a href="#m36">loginWithInvalidEmail</a></td><td rowspan="1">1647543300761</td><td rowspan="1">0</td></tr><tr class="skippedodd"><td rowspan="1">farid.com.menu.TestCheckWatchList</td><td><a href="#m37">checkWatchList</a></td><td rowspan="1">1647543300757</td><td rowspan="1">0</td></tr><tr class="skippedeven"><td rowspan="2">farid.com.menu.TestSelectMenuOption</td><td><a href="#m38">clickOnBabyWithSelect</a></td><td rowspan="1">1647543300754</td><td rowspan="1">0</td></tr><tr class="skippedeven"><td><a href="#m39">getDropdownListWithOutSelect</a></td><td rowspan="1">1647543300755</td><td rowspan="1">0</td></tr><tr class="skippedodd"><td rowspan="1">farid.com.purchase.TestPurchase</td><td><a href="#m40">addToCartAndCheckItem</a></td><td rowspan="1">1647543300758</td><td rowspan="1">0</td></tr><tr class="skippedeven"><td rowspan="1">farid.com.search.TestSearchMultipleItems</td><td><a href="#m41">searchItems</a></td><td rowspan="1">1647543300752</td><td rowspan="1">0</td></tr><tr class="skippedodd"><td rowspan="3">farid.com.search.TestSearchSingleItem</td><td><a href="#m42">searchComputer</a></td><td rowspan="1">1647543300746</td><td rowspan="1">0</td></tr><tr class="skippedodd"><td><a href="#m43">searchJavaBook</a></td><td rowspan="1">1647543300748</td><td rowspan="1">0</td></tr><tr class="skippedodd"><td><a href="#m44">searchSeleniumBook</a></td><td rowspan="1">1647543300748</td><td rowspan="1">1</td></tr></tbody>
</table>
<h2>Surefire test</h2><h3 id="m0">farid.com.loginFeature.TestLogin#setUp</h3><table class="result"><tr class="param"><th>Parameter #1</th><th>Parameter #2</th><th>Parameter #3</th></tr><tr class="param stripe"><td>windows</td><td>chrome</td><td>https://google.com</td></tr><tr><th colspan="3">Exception</th></tr><tr><td colspan="3"><div class="stacktrace">java.lang.IllegalStateException: The driver executable must exist: /Users/farid/eclipse-workspace/SecondAfterSchool/Amazon/../Generic/src/drivers/chromedriver 2.exe
	at org.openqa.selenium.internal.Require$FileStateChecker.isFile(Require.java:342)
	at org.openqa.selenium.remote.service.DriverService.checkExecutable(DriverService.java:147)
	at org.openqa.selenium.remote.service.DriverService.findExecutable(DriverService.java:142)
	at org.openqa.selenium.chrome.ChromeDriverService.access$000(ChromeDriverService.java:38)
	at org.openqa.selenium.chrome.ChromeDriverService$Builder.findDefaultExecutable(ChromeDriverService.java:231)
	at org.openqa.selenium.remote.service.DriverService$Builder.build(DriverService.java:437)
	at org.openqa.selenium.chrome.ChromeDriverService.createDefaultService(ChromeDriverService.java:127)
	at org.openqa.selenium.chrome.ChromeDriver.&lt;init&gt;(ChromeDriver.java:48)
	at farid.com.CommonAPI.getDriver(CommonAPI.java:108)
	at farid.com.CommonAPI.setUp(CommonAPI.java:93)
	at java.util.ArrayList.forEach(ArrayList.java:1259)
... Removed 36 stack frames</div></td></tr></table><p class="totop"><a href="#summary">back to summary</a></p>
<h3 id="m1">farid.com.menu.TestCheckWatchList#setUp</h3><table class="result"><tr class="param"><th>Parameter #1</th><th>Parameter #2</th><th>Parameter #3</th></tr><tr class="param stripe"><td>windows</td><td>chrome</td><td>https://google.com</td></tr><tr><th colspan="3">Exception</th></tr><tr><td colspan="3"><div class="stacktrace">java.lang.IllegalStateException: The driver executable must exist: /Users/farid/eclipse-workspace/SecondAfterSchool/Amazon/../Generic/src/drivers/chromedriver 2.exe
	at org.openqa.selenium.internal.Require$FileStateChecker.isFile(Require.java:342)
	at org.openqa.selenium.remote.service.DriverService.checkExecutable(DriverService.java:147)
	at org.openqa.selenium.remote.service.DriverService.findExecutable(DriverService.java:142)
	at org.openqa.selenium.chrome.ChromeDriverService.access$000(ChromeDriverService.java:38)
	at org.openqa.selenium.chrome.ChromeDriverService$Builder.findDefaultExecutable(ChromeDriverService.java:231)
	at org.openqa.selenium.remote.service.DriverService$Builder.build(DriverService.java:437)
	at org.openqa.selenium.chrome.ChromeDriverService.createDefaultService(ChromeDriverService.java:127)
	at org.openqa.selenium.chrome.ChromeDriver.&lt;init&gt;(ChromeDriver.java:48)
	at farid.com.CommonAPI.getDriver(CommonAPI.java:108)
	at farid.com.CommonAPI.setUp(CommonAPI.java:93)
	at java.util.ArrayList.forEach(ArrayList.java:1259)
... Removed 36 stack frames</div></td></tr></table><p class="totop"><a href="#summary">back to summary</a></p>
<h3 id="m2">farid.com.menu.TestSelectMenuOption#setUp</h3><table class="result"><tr class="param"><th>Parameter #1</th><th>Parameter #2</th><th>Parameter #3</th></tr><tr class="param stripe"><td>windows</td><td>chrome</td><td>https://google.com</td></tr><tr><th colspan="3">Exception</th></tr><tr><td colspan="3"><div class="stacktrace">java.lang.IllegalStateException: The driver executable must exist: /Users/farid/eclipse-workspace/SecondAfterSchool/Amazon/../Generic/src/drivers/chromedriver 2.exe
	at org.openqa.selenium.internal.Require$FileStateChecker.isFile(Require.java:342)
	at org.openqa.selenium.remote.service.DriverService.checkExecutable(DriverService.java:147)
	at org.openqa.selenium.remote.service.DriverService.findExecutable(DriverService.java:142)
	at org.openqa.selenium.chrome.ChromeDriverService.access$000(ChromeDriverService.java:38)
	at org.openqa.selenium.chrome.ChromeDriverService$Builder.findDefaultExecutable(ChromeDriverService.java:231)
	at org.openqa.selenium.remote.service.DriverService$Builder.build(DriverService.java:437)
	at org.openqa.selenium.chrome.ChromeDriverService.createDefaultService(ChromeDriverService.java:127)
	at org.openqa.selenium.chrome.ChromeDriver.&lt;init&gt;(ChromeDriver.java:48)
	at farid.com.CommonAPI.getDriver(CommonAPI.java:108)
	at farid.com.CommonAPI.setUp(CommonAPI.java:93)
	at java.util.ArrayList.forEach(ArrayList.java:1259)
... Removed 36 stack frames</div></td></tr></table><p class="totop"><a href="#summary">back to summary</a></p>
<h3 id="m3">farid.com.purchase.TestPurchase#setUp</h3><table class="result"><tr class="param"><th>Parameter #1</th><th>Parameter #2</th><th>Parameter #3</th></tr><tr class="param stripe"><td>windows</td><td>chrome</td><td>https://google.com</td></tr><tr><th colspan="3">Exception</th></tr><tr><td colspan="3"><div class="stacktrace">java.lang.IllegalStateException: The driver executable must exist: /Users/farid/eclipse-workspace/SecondAfterSchool/Amazon/../Generic/src/drivers/chromedriver 2.exe
	at org.openqa.selenium.internal.Require$FileStateChecker.isFile(Require.java:342)
	at org.openqa.selenium.remote.service.DriverService.checkExecutable(DriverService.java:147)
	at org.openqa.selenium.remote.service.DriverService.findExecutable(DriverService.java:142)
	at org.openqa.selenium.chrome.ChromeDriverService.access$000(ChromeDriverService.java:38)
	at org.openqa.selenium.chrome.ChromeDriverService$Builder.findDefaultExecutable(ChromeDriverService.java:231)
	at org.openqa.selenium.remote.service.DriverService$Builder.build(DriverService.java:437)
	at org.openqa.selenium.chrome.ChromeDriverService.createDefaultService(ChromeDriverService.java:127)
	at org.openqa.selenium.chrome.ChromeDriver.&lt;init&gt;(ChromeDriver.java:48)
	at farid.com.CommonAPI.getDriver(CommonAPI.java:108)
	at farid.com.CommonAPI.setUp(CommonAPI.java:93)
	at java.util.ArrayList.forEach(ArrayList.java:1259)
... Removed 36 stack frames</div></td></tr></table><p class="totop"><a href="#summary">back to summary</a></p>
<h3 id="m4">farid.com.search.TestSearchMultipleItems#setUp</h3><table class="result"><tr class="param"><th>Parameter #1</th><th>Parameter #2</th><th>Parameter #3</th></tr><tr class="param stripe"><td>windows</td><td>chrome</td><td>https://google.com</td></tr><tr><th colspan="3">Exception</th></tr><tr><td colspan="3"><div class="stacktrace">java.lang.IllegalStateException: The driver executable must exist: /Users/farid/eclipse-workspace/SecondAfterSchool/Amazon/../Generic/src/drivers/chromedriver 2.exe
	at org.openqa.selenium.internal.Require$FileStateChecker.isFile(Require.java:342)
	at org.openqa.selenium.remote.service.DriverService.checkExecutable(DriverService.java:147)
	at org.openqa.selenium.remote.service.DriverService.findExecutable(DriverService.java:142)
	at org.openqa.selenium.chrome.ChromeDriverService.access$000(ChromeDriverService.java:38)
	at org.openqa.selenium.chrome.ChromeDriverService$Builder.findDefaultExecutable(ChromeDriverService.java:231)
	at org.openqa.selenium.remote.service.DriverService$Builder.build(DriverService.java:437)
	at org.openqa.selenium.chrome.ChromeDriverService.createDefaultService(ChromeDriverService.java:127)
	at org.openqa.selenium.chrome.ChromeDriver.&lt;init&gt;(ChromeDriver.java:48)
	at farid.com.CommonAPI.getDriver(CommonAPI.java:108)
	at farid.com.CommonAPI.setUp(CommonAPI.java:93)
	at java.util.ArrayList.forEach(ArrayList.java:1259)
... Removed 36 stack frames</div></td></tr></table><p class="totop"><a href="#summary">back to summary</a></p>
<h3 id="m5">farid.com.search.TestSearchSingleItem#setUp</h3><table class="result"><tr class="param"><th>Parameter #1</th><th>Parameter #2</th><th>Parameter #3</th></tr><tr class="param stripe"><td>windows</td><td>chrome</td><td>https://google.com</td></tr><tr><th colspan="3">Exception</th></tr><tr><td colspan="3"><div class="stacktrace">java.lang.IllegalStateException: The driver executable must exist: /Users/farid/eclipse-workspace/SecondAfterSchool/Amazon/../Generic/src/drivers/chromedriver 2.exe
	at org.openqa.selenium.internal.Require$FileStateChecker.isFile(Require.java:342)
	at org.openqa.selenium.remote.service.DriverService.checkExecutable(DriverService.java:147)
	at org.openqa.selenium.remote.service.DriverService.findExecutable(DriverService.java:142)
	at org.openqa.selenium.chrome.ChromeDriverService.access$000(ChromeDriverService.java:38)
	at org.openqa.selenium.chrome.ChromeDriverService$Builder.findDefaultExecutable(ChromeDriverService.java:231)
	at org.openqa.selenium.remote.service.DriverService$Builder.build(DriverService.java:437)
	at org.openqa.selenium.chrome.ChromeDriverService.createDefaultService(ChromeDriverService.java:127)
	at org.openqa.selenium.chrome.ChromeDriver.&lt;init&gt;(ChromeDriver.java:48)
	at farid.com.CommonAPI.getDriver(CommonAPI.java:108)
	at farid.com.CommonAPI.setUp(CommonAPI.java:93)
	at java.util.ArrayList.forEach(ArrayList.java:1259)
... Removed 36 stack frames</div></td></tr></table><p class="totop"><a href="#summary">back to summary</a></p>
<h3 id="m6">farid.com.loginFeature.TestLogin#afterEachTestMethod</h3><table class="result"><tr><th class="invisible"/></tr></table><p class="totop"><a href="#summary">back to summary</a></p>
<h3 id="m7">farid.com.loginFeature.TestLogin#afterMethod</h3><table class="result"><tr><th class="invisible"/></tr></table><p class="totop"><a href="#summary">back to summary</a></p>
<h3 id="m8">farid.com.loginFeature.TestLogin#startExtent</h3><table class="result"><tr><th class="invisible"/></tr></table><p class="totop"><a href="#summary">back to summary</a></p>
<h3 id="m9">farid.com.menu.TestCheckWatchList#afterEachTestMethod</h3><table class="result"><tr><th class="invisible"/></tr></table><p class="totop"><a href="#summary">back to summary</a></p>
<h3 id="m10">farid.com.menu.TestCheckWatchList#afterMethod</h3><table class="result"><tr><th class="invisible"/></tr></table><p class="totop"><a href="#summary">back to summary</a></p>
<h3 id="m11">farid.com.menu.TestCheckWatchList#startExtent</h3><table class="result"><tr><th class="invisible"/></tr></table><p class="totop"><a href="#summary">back to summary</a></p>
<h3 id="m12">farid.com.menu.TestSelectMenuOption#afterEachTestMethod</h3><table class="result"><tr><th class="invisible"/></tr></table><p class="totop"><a href="#summary">back to summary</a></p>
<h3 id="m13">farid.com.menu.TestSelectMenuOption#afterEachTestMethod</h3><table class="result"><tr><th class="invisible"/></tr></table><p class="totop"><a href="#summary">back to summary</a></p>
<h3 id="m14">farid.com.menu.TestSelectMenuOption#afterMethod</h3><table class="result"><tr><th class="invisible"/></tr></table><p class="totop"><a href="#summary">back to summary</a></p>
<h3 id="m15">farid.com.menu.TestSelectMenuOption#afterMethod</h3><table class="result"><tr><th class="invisible"/></tr></table><p class="totop"><a href="#summary">back to summary</a></p>
<h3 id="m16">farid.com.menu.TestSelectMenuOption#setUp</h3><table class="result"><tr><th class="invisible"/></tr></table><p class="totop"><a href="#summary">back to summary</a></p>
<h3 id="m17">farid.com.menu.TestSelectMenuOption#startExtent</h3><table class="result"><tr><th class="invisible"/></tr></table><p class="totop"><a href="#summary">back to summary</a></p>
<h3 id="m18">farid.com.menu.TestSelectMenuOption#startExtent</h3><table class="result"><tr><th class="invisible"/></tr></table><p class="totop"><a href="#summary">back to summary</a></p>
<h3 id="m19">farid.com.purchase.TestPurchase#afterEachTestMethod</h3><table class="result"><tr><th class="invisible"/></tr></table><p class="totop"><a href="#summary">back to summary</a></p>
<h3 id="m20">farid.com.purchase.TestPurchase#afterMethod</h3><table class="result"><tr><th class="invisible"/></tr></table><p class="totop"><a href="#summary">back to summary</a></p>
<h3 id="m21">farid.com.purchase.TestPurchase#startExtent</h3><table class="result"><tr><th class="invisible"/></tr></table><p class="totop"><a href="#summary">back to summary</a></p>
<h3 id="m22">farid.com.search.TestSearchMultipleItems#afterEachTestMethod</h3><table class="result"><tr><th class="invisible"/></tr></table><p class="totop"><a href="#summary">back to summary</a></p>
<h3 id="m23">farid.com.search.TestSearchMultipleItems#afterMethod</h3><table class="result"><tr><th class="invisible"/></tr></table><p class="totop"><a href="#summary">back to summary</a></p>
<h3 id="m24">farid.com.search.TestSearchMultipleItems#startExtent</h3><table class="result"><tr><th class="invisible"/></tr></table><p class="totop"><a href="#summary">back to summary</a></p>
<h3 id="m25">farid.com.search.TestSearchSingleItem#afterEachTestMethod</h3><table class="result"><tr><th class="invisible"/></tr></table><p class="totop"><a href="#summary">back to summary</a></p>
<h3 id="m26">farid.com.search.TestSearchSingleItem#afterEachTestMethod</h3><table class="result"><tr><th class="invisible"/></tr></table><p class="totop"><a href="#summary">back to summary</a></p>
<h3 id="m27">farid.com.search.TestSearchSingleItem#afterEachTestMethod</h3><table class="result"><tr><th class="invisible"/></tr></table><p class="totop"><a href="#summary">back to summary</a></p>
<h3 id="m28">farid.com.search.TestSearchSingleItem#afterMethod</h3><table class="result"><tr><th class="invisible"/></tr></table><p class="totop"><a href="#summary">back to summary</a></p>
<h3 id="m29">farid.com.search.TestSearchSingleItem#afterMethod</h3><table class="result"><tr><th class="invisible"/></tr></table><p class="totop"><a href="#summary">back to summary</a></p>
<h3 id="m30">farid.com.search.TestSearchSingleItem#afterMethod</h3><table class="result"><tr><th class="invisible"/></tr></table><p class="totop"><a href="#summary">back to summary</a></p>
<h3 id="m31">farid.com.search.TestSearchSingleItem#setUp</h3><table class="result"><tr><th class="invisible"/></tr></table><p class="totop"><a href="#summary">back to summary</a></p>
<h3 id="m32">farid.com.search.TestSearchSingleItem#setUp</h3><table class="result"><tr><th class="invisible"/></tr></table><p class="totop"><a href="#summary">back to summary</a></p>
<h3 id="m33">farid.com.search.TestSearchSingleItem#startExtent</h3><table class="result"><tr><th class="invisible"/></tr></table><p class="totop"><a href="#summary">back to summary</a></p>
<h3 id="m34">farid.com.search.TestSearchSingleItem#startExtent</h3><table class="result"><tr><th class="invisible"/></tr></table><p class="totop"><a href="#summary">back to summary</a></p>
<h3 id="m35">farid.com.search.TestSearchSingleItem#startExtent</h3><table class="result"><tr><th class="invisible"/></tr></table><p class="totop"><a href="#summary">back to summary</a></p>
<h3 id="m36">farid.com.loginFeature.TestLogin#loginWithInvalidEmail</h3><table class="result"><tr><th>Exception</th></tr><tr><td><div class="stacktrace">java.lang.IllegalStateException: The driver executable must exist: /Users/farid/eclipse-workspace/SecondAfterSchool/Amazon/../Generic/src/drivers/chromedriver 2.exe
	at org.openqa.selenium.internal.Require$FileStateChecker.isFile(Require.java:342)
	at org.openqa.selenium.remote.service.DriverService.checkExecutable(DriverService.java:147)
	at org.openqa.selenium.remote.service.DriverService.findExecutable(DriverService.java:142)
	at org.openqa.selenium.chrome.ChromeDriverService.access$000(ChromeDriverService.java:38)
	at org.openqa.selenium.chrome.ChromeDriverService$Builder.findDefaultExecutable(ChromeDriverService.java:231)
	at org.openqa.selenium.remote.service.DriverService$Builder.build(DriverService.java:437)
	at org.openqa.selenium.chrome.ChromeDriverService.createDefaultService(ChromeDriverService.java:127)
	at org.openqa.selenium.chrome.ChromeDriver.&lt;init&gt;(ChromeDriver.java:48)
	at farid.com.CommonAPI.getDriver(CommonAPI.java:108)
	at farid.com.CommonAPI.setUp(CommonAPI.java:93)
	at java.util.ArrayList.forEach(ArrayList.java:1259)
... Removed 36 stack frames</div></td></tr></table><p class="totop"><a href="#summary">back to summary</a></p>
<h3 id="m37">farid.com.menu.TestCheckWatchList#checkWatchList</h3><table class="result"><tr><th>Exception</th></tr><tr><td><div class="stacktrace">java.lang.IllegalStateException: The driver executable must exist: /Users/farid/eclipse-workspace/SecondAfterSchool/Amazon/../Generic/src/drivers/chromedriver 2.exe
	at org.openqa.selenium.internal.Require$FileStateChecker.isFile(Require.java:342)
	at org.openqa.selenium.remote.service.DriverService.checkExecutable(DriverService.java:147)
	at org.openqa.selenium.remote.service.DriverService.findExecutable(DriverService.java:142)
	at org.openqa.selenium.chrome.ChromeDriverService.access$000(ChromeDriverService.java:38)
	at org.openqa.selenium.chrome.ChromeDriverService$Builder.findDefaultExecutable(ChromeDriverService.java:231)
	at org.openqa.selenium.remote.service.DriverService$Builder.build(DriverService.java:437)
	at org.openqa.selenium.chrome.ChromeDriverService.createDefaultService(ChromeDriverService.java:127)
	at org.openqa.selenium.chrome.ChromeDriver.&lt;init&gt;(ChromeDriver.java:48)
	at farid.com.CommonAPI.getDriver(CommonAPI.java:108)
	at farid.com.CommonAPI.setUp(CommonAPI.java:93)
	at java.util.ArrayList.forEach(ArrayList.java:1259)
... Removed 36 stack frames</div></td></tr></table><p class="totop"><a href="#summary">back to summary</a></p>
<h3 id="m38">farid.com.menu.TestSelectMenuOption#clickOnBabyWithSelect</h3><table class="result"><tr><th>Exception</th></tr><tr><td><div class="stacktrace">java.lang.IllegalStateException: The driver executable must exist: /Users/farid/eclipse-workspace/SecondAfterSchool/Amazon/../Generic/src/drivers/chromedriver 2.exe
	at org.openqa.selenium.internal.Require$FileStateChecker.isFile(Require.java:342)
	at org.openqa.selenium.remote.service.DriverService.checkExecutable(DriverService.java:147)
	at org.openqa.selenium.remote.service.DriverService.findExecutable(DriverService.java:142)
	at org.openqa.selenium.chrome.ChromeDriverService.access$000(ChromeDriverService.java:38)
	at org.openqa.selenium.chrome.ChromeDriverService$Builder.findDefaultExecutable(ChromeDriverService.java:231)
	at org.openqa.selenium.remote.service.DriverService$Builder.build(DriverService.java:437)
	at org.openqa.selenium.chrome.ChromeDriverService.createDefaultService(ChromeDriverService.java:127)
	at org.openqa.selenium.chrome.ChromeDriver.&lt;init&gt;(ChromeDriver.java:48)
	at farid.com.CommonAPI.getDriver(CommonAPI.java:108)
	at farid.com.CommonAPI.setUp(CommonAPI.java:93)
	at java.util.ArrayList.forEach(ArrayList.java:1259)
... Removed 36 stack frames</div></td></tr></table><p class="totop"><a href="#summary">back to summary</a></p>
<h3 id="m39">farid.com.menu.TestSelectMenuOption#getDropdownListWithOutSelect</h3><table class="result"><tr><th>Exception</th></tr><tr><td><div class="stacktrace">java.lang.IllegalStateException: The driver executable must exist: /Users/farid/eclipse-workspace/SecondAfterSchool/Amazon/../Generic/src/drivers/chromedriver 2.exe
	at org.openqa.selenium.internal.Require$FileStateChecker.isFile(Require.java:342)
	at org.openqa.selenium.remote.service.DriverService.checkExecutable(DriverService.java:147)
	at org.openqa.selenium.remote.service.DriverService.findExecutable(DriverService.java:142)
	at org.openqa.selenium.chrome.ChromeDriverService.access$000(ChromeDriverService.java:38)
	at org.openqa.selenium.chrome.ChromeDriverService$Builder.findDefaultExecutable(ChromeDriverService.java:231)
	at org.openqa.selenium.remote.service.DriverService$Builder.build(DriverService.java:437)
	at org.openqa.selenium.chrome.ChromeDriverService.createDefaultService(ChromeDriverService.java:127)
	at org.openqa.selenium.chrome.ChromeDriver.&lt;init&gt;(ChromeDriver.java:48)
	at farid.com.CommonAPI.getDriver(CommonAPI.java:108)
	at farid.com.CommonAPI.setUp(CommonAPI.java:93)
	at java.util.ArrayList.forEach(ArrayList.java:1259)
... Removed 36 stack frames</div></td></tr></table><p class="totop"><a href="#summary">back to summary</a></p>
<h3 id="m40">farid.com.purchase.TestPurchase#addToCartAndCheckItem</h3><table class="result"><tr><th>Exception</th></tr><tr><td><div class="stacktrace">java.lang.IllegalStateException: The driver executable must exist: /Users/farid/eclipse-workspace/SecondAfterSchool/Amazon/../Generic/src/drivers/chromedriver 2.exe
	at org.openqa.selenium.internal.Require$FileStateChecker.isFile(Require.java:342)
	at org.openqa.selenium.remote.service.DriverService.checkExecutable(DriverService.java:147)
	at org.openqa.selenium.remote.service.DriverService.findExecutable(DriverService.java:142)
	at org.openqa.selenium.chrome.ChromeDriverService.access$000(ChromeDriverService.java:38)
	at org.openqa.selenium.chrome.ChromeDriverService$Builder.findDefaultExecutable(ChromeDriverService.java:231)
	at org.openqa.selenium.remote.service.DriverService$Builder.build(DriverService.java:437)
	at org.openqa.selenium.chrome.ChromeDriverService.createDefaultService(ChromeDriverService.java:127)
	at org.openqa.selenium.chrome.ChromeDriver.&lt;init&gt;(ChromeDriver.java:48)
	at farid.com.CommonAPI.getDriver(CommonAPI.java:108)
	at farid.com.CommonAPI.setUp(CommonAPI.java:93)
	at java.util.ArrayList.forEach(ArrayList.java:1259)
... Removed 36 stack frames</div></td></tr></table><p class="totop"><a href="#summary">back to summary</a></p>
<h3 id="m41">farid.com.search.TestSearchMultipleItems#searchItems</h3><table class="result"><tr><th>Exception</th></tr><tr><td><div class="stacktrace">java.lang.IllegalStateException: The driver executable must exist: /Users/farid/eclipse-workspace/SecondAfterSchool/Amazon/../Generic/src/drivers/chromedriver 2.exe
	at org.openqa.selenium.internal.Require$FileStateChecker.isFile(Require.java:342)
	at org.openqa.selenium.remote.service.DriverService.checkExecutable(DriverService.java:147)
	at org.openqa.selenium.remote.service.DriverService.findExecutable(DriverService.java:142)
	at org.openqa.selenium.chrome.ChromeDriverService.access$000(ChromeDriverService.java:38)
	at org.openqa.selenium.chrome.ChromeDriverService$Builder.findDefaultExecutable(ChromeDriverService.java:231)
	at org.openqa.selenium.remote.service.DriverService$Builder.build(DriverService.java:437)
	at org.openqa.selenium.chrome.ChromeDriverService.createDefaultService(ChromeDriverService.java:127)
	at org.openqa.selenium.chrome.ChromeDriver.&lt;init&gt;(ChromeDriver.java:48)
	at farid.com.CommonAPI.getDriver(CommonAPI.java:108)
	at farid.com.CommonAPI.setUp(CommonAPI.java:93)
	at java.util.ArrayList.forEach(ArrayList.java:1259)
... Removed 36 stack frames</div></td></tr></table><p class="totop"><a href="#summary">back to summary</a></p>
<h3 id="m42">farid.com.search.TestSearchSingleItem#searchComputer</h3><table class="result"><tr><th>Exception</th></tr><tr><td><div class="stacktrace">java.lang.IllegalStateException: The driver executable must exist: /Users/farid/eclipse-workspace/SecondAfterSchool/Amazon/../Generic/src/drivers/chromedriver 2.exe
	at org.openqa.selenium.internal.Require$FileStateChecker.isFile(Require.java:342)
	at org.openqa.selenium.remote.service.DriverService.checkExecutable(DriverService.java:147)
	at org.openqa.selenium.remote.service.DriverService.findExecutable(DriverService.java:142)
	at org.openqa.selenium.chrome.ChromeDriverService.access$000(ChromeDriverService.java:38)
	at org.openqa.selenium.chrome.ChromeDriverService$Builder.findDefaultExecutable(ChromeDriverService.java:231)
	at org.openqa.selenium.remote.service.DriverService$Builder.build(DriverService.java:437)
	at org.openqa.selenium.chrome.ChromeDriverService.createDefaultService(ChromeDriverService.java:127)
	at org.openqa.selenium.chrome.ChromeDriver.&lt;init&gt;(ChromeDriver.java:48)
	at farid.com.CommonAPI.getDriver(CommonAPI.java:108)
	at farid.com.CommonAPI.setUp(CommonAPI.java:93)
	at java.util.ArrayList.forEach(ArrayList.java:1259)
... Removed 36 stack frames</div></td></tr></table><p class="totop"><a href="#summary">back to summary</a></p>
<h3 id="m43">farid.com.search.TestSearchSingleItem#searchJavaBook</h3><table class="result"><tr><th>Exception</th></tr><tr><td><div class="stacktrace">java.lang.IllegalStateException: The driver executable must exist: /Users/farid/eclipse-workspace/SecondAfterSchool/Amazon/../Generic/src/drivers/chromedriver 2.exe
	at org.openqa.selenium.internal.Require$FileStateChecker.isFile(Require.java:342)
	at org.openqa.selenium.remote.service.DriverService.checkExecutable(DriverService.java:147)
	at org.openqa.selenium.remote.service.DriverService.findExecutable(DriverService.java:142)
	at org.openqa.selenium.chrome.ChromeDriverService.access$000(ChromeDriverService.java:38)
	at org.openqa.selenium.chrome.ChromeDriverService$Builder.findDefaultExecutable(ChromeDriverService.java:231)
	at org.openqa.selenium.remote.service.DriverService$Builder.build(DriverService.java:437)
	at org.openqa.selenium.chrome.ChromeDriverService.createDefaultService(ChromeDriverService.java:127)
	at org.openqa.selenium.chrome.ChromeDriver.&lt;init&gt;(ChromeDriver.java:48)
	at farid.com.CommonAPI.getDriver(CommonAPI.java:108)
	at farid.com.CommonAPI.setUp(CommonAPI.java:93)
	at java.util.ArrayList.forEach(ArrayList.java:1259)
... Removed 36 stack frames</div></td></tr></table><p class="totop"><a href="#summary">back to summary</a></p>
<h3 id="m44">farid.com.search.TestSearchSingleItem#searchSeleniumBook</h3><table class="result"><tr><th>Exception</th></tr><tr><td><div class="stacktrace">java.lang.IllegalStateException: The driver executable must exist: /Users/farid/eclipse-workspace/SecondAfterSchool/Amazon/../Generic/src/drivers/chromedriver 2.exe
	at org.openqa.selenium.internal.Require$FileStateChecker.isFile(Require.java:342)
	at org.openqa.selenium.remote.service.DriverService.checkExecutable(DriverService.java:147)
	at org.openqa.selenium.remote.service.DriverService.findExecutable(DriverService.java:142)
	at org.openqa.selenium.chrome.ChromeDriverService.access$000(ChromeDriverService.java:38)
	at org.openqa.selenium.chrome.ChromeDriverService$Builder.findDefaultExecutable(ChromeDriverService.java:231)
	at org.openqa.selenium.remote.service.DriverService$Builder.build(DriverService.java:437)
	at org.openqa.selenium.chrome.ChromeDriverService.createDefaultService(ChromeDriverService.java:127)
	at org.openqa.selenium.chrome.ChromeDriver.&lt;init&gt;(ChromeDriver.java:48)
	at farid.com.CommonAPI.getDriver(CommonAPI.java:108)
	at farid.com.CommonAPI.setUp(CommonAPI.java:93)
	at java.util.ArrayList.forEach(ArrayList.java:1259)
... Removed 36 stack frames</div></td></tr></table><p class="totop"><a href="#summary">back to summary</a></p>
</body>
</html>
